optseq2
$Id: optseq2.c,v 2.21.2.1 2011/04/21 19:50:06 greve Exp $
NoSearch  = 0
nSearch  = 10000
nKeep    = 8
PctUpdate  = 10.000000
nCB1Opt  = 0
seed     = 649748
Ntp  = 240
TR   = 2
TPreScan   = -4
PSD Window   = 0 16 2
nEvTypes = 8
EvNo    Label Duration nRepsNom
 1   chunk_R1  6.000    5
 2   chunk_R2  6.000    5
 3   chunk_R3  6.000    5
 4   chunk_R4  6.000    5
 5   chunk_C1  6.000    5
 6   chunk_C2  6.000    5
 7   chunk_C3  6.000    5
 8   chunk_C4  6.000    5
PctVarEvReps = 0
VarEvRepsPerCond = 0
PolyOrder = -1
tNullMax = -1
tNullMin = 4
AR1 = 0
No refractory penalty
Cost = eff
OutStem = modmap
Summary File = modmap.sum

Pct nSrch MinSrch Cost Eff Cb1Err VRFAvg VRFStd VRFMin VRFMax VRFRange nSince

BeginUpdateLog
 0       1     0.0   0.0603788  0.0603788  1.0375  4.09025  0.814641  1.7539  5  3.2461 317.5 0
 0       9     0.0   0.0660989  0.0660989  0.8812  4.2983  0.530465  2.9787  5  2.0213 312.417 0
 0       9     0.0   0.0660989  0.0660989  0.8812  4.2983  0.530465  2.9787  5  2.0213 312.417 0
 0      11     0.0   0.0660989  0.0660989  0.8812  4.2983  0.530465  2.9787  5  2.0213 312.417 1
 0      11     0.0   0.0660989  0.0660989  0.8812  4.2983  0.530465  2.9787  5  2.0213 312.417 0
 0      13     0.0   0.0660989  0.0660989  0.8812  4.2983  0.530465  2.9787  5  2.0213 312.417 1
 0      13     0.0   0.0660989  0.0660989  0.8812  4.2983  0.530465  2.9787  5  2.0213 312.417 0
 0      14     0.0   0.0660989  0.0660989  0.8812  4.2983  0.530465  2.9787  5  2.0213 312.417 0
 0      14     0.0   0.0662762  0.0662762  0.9437  4.30063  0.505964  3.04702  5  1.95298 311.5 0
 0      15     0.0   0.0662762  0.0662762  0.9437  4.30063  0.505964  3.04702  5  1.95298 311.5 0
 0      15     0.0   0.0662762  0.0662762  0.9437  4.30063  0.505964  3.04702  5  1.95298 311.5 0
 0      17     0.0   0.0662762  0.0662762  0.9437  4.30063  0.505964  3.04702  5  1.95298 311.5 1
 0      17     0.0   0.0662762  0.0662762  0.9437  4.30063  0.505964  3.04702  5  1.95298 311.5 0
 0      27     0.0   0.0662762  0.0662762  0.9437  4.30063  0.505964  3.04702  5  1.95298 311.5 9
 0      27     0.0   0.0662762  0.0662762  0.9437  4.30063  0.505964  3.04702  5  1.95298 311.5 0
 0      30     0.0   0.0662762  0.0662762  0.9437  4.30063  0.505964  3.04702  5  1.95298 311.5 2
 0      30     0.0   0.0662762  0.0662762  0.9437  4.30063  0.505964  3.04702  5  1.95298 311.5 0
 0      31     0.0   0.0662762  0.0662762  0.9437  4.30063  0.505964  3.04702  5  1.95298 311.5 0
 0      31     0.0   0.0662762  0.0662762  0.9437  4.30063  0.505964  3.04702  5  1.95298 311.5 0
 0      38     0.0   0.0662762  0.0662762  0.9437  4.30063  0.505964  3.04702  5  1.95298 311.5 6
 0      38     0.0   0.0662762  0.0662762  0.9437  4.30063  0.505964  3.04702  5  1.95298 311.5 0
 0      42     0.0   0.0662762  0.0662762  0.9437  4.30063  0.505964  3.04702  5  1.95298 311.5 3
 0      42     0.0   0.0662762  0.0662762  0.9437  4.30063  0.505964  3.04702  5  1.95298 311.5 0
 0      45     0.0   0.0662762  0.0662762  0.9437  4.30063  0.505964  3.04702  5  1.95298 311.5 2
 0      45     0.0   0.0662762  0.0662762  0.9437  4.30063  0.505964  3.04702  5  1.95298 311.5 0
 0      46     0.0   0.0662762  0.0662762  0.9437  4.30063  0.505964  3.04702  5  1.95298 311.5 0
 0      46     0.0   0.0662762  0.0662762  0.9437  4.30063  0.505964  3.04702  5  1.95298 311.5 0
 0      47     0.0   0.0662762  0.0662762  0.9437  4.30063  0.505964  3.04702  5  1.95298 311.5 0
 0      47     0.0   0.0662762  0.0662762  0.9437  4.30063  0.505964  3.04702  5  1.95298 311.5 0
 0      58     0.0   0.0662762  0.0662762  0.9437  4.30063  0.505964  3.04702  5  1.95298 311.5 10
 0      58     0.0   0.0662762  0.0662762  0.9437  4.30063  0.505964  3.04702  5  1.95298 311.5 0
 0      73     0.0   0.0662762  0.0662762  0.9437  4.30063  0.505964  3.04702  5  1.95298 311.5 14
 0      73     0.0   0.0662762  0.0662762  0.9437  4.30063  0.505964  3.04702  5  1.95298 311.5 0
 0      85     0.0   0.0662762  0.0662762  0.9437  4.30063  0.505964  3.04702  5  1.95298 311.5 11
 0      85     0.0   0.0664065  0.0664065  0.9750  4.31144  0.51237  3.0057  5  1.9943 315.25 0
 1     102     0.0   0.0664065  0.0664065  0.9750  4.31144  0.51237  3.0057  5  1.9943 315.25 16
 1     102     0.0   0.0667302  0.0667302  0.9437  4.32133  0.474176  3.33866  5  1.66134 311 0
 1     131     0.0   0.0667302  0.0667302  0.9437  4.32133  0.474176  3.33866  5  1.66134 311 28
 1     131     0.0   0.0667302  0.0667302  0.9437  4.32133  0.474176  3.33866  5  1.66134 311 0
 1     152     0.0   0.0667302  0.0667302  0.9437  4.32133  0.474176  3.33866  5  1.66134 311 20
 1     152     0.0   0.0667681  0.0667681  0.9750  4.32746  0.490033  3.57249  5  1.42751 314.667 0
 1     189     0.0   0.0667681  0.0667681  0.9750  4.32746  0.490033  3.57249  5  1.42751 314.667 36
 1     189     0.0   0.0667681  0.0667681  0.9750  4.32746  0.490033  3.57249  5  1.42751 314.667 0
 1     197     0.0   0.0667681  0.0667681  0.9750  4.32746  0.490033  3.57249  5  1.42751 314.667 7
 1     197     0.0   0.0667681  0.0667681  0.9750  4.32746  0.490033  3.57249  5  1.42751 314.667 0
 2     210     0.0   0.0667681  0.0667681  0.9750  4.32746  0.490033  3.57249  5  1.42751 314.667 12
 2     210     0.0   0.0667681  0.0667681  0.9750  4.32746  0.490033  3.57249  5  1.42751 314.667 0
 2     236     0.0   0.0667681  0.0667681  0.9750  4.32746  0.490033  3.57249  5  1.42751 314.667 25
 2     236     0.0   0.0667681  0.0667681  0.9750  4.32746  0.490033  3.57249  5  1.42751 314.667 0
 3     328     0.0   0.0667681  0.0667681  0.9750  4.32746  0.490033  3.57249  5  1.42751 314.667 91
 3     328     0.0   0.0667681  0.0667681  0.9750  4.32746  0.490033  3.57249  5  1.42751 314.667 0
 3     358     0.0   0.0667681  0.0667681  0.9750  4.32746  0.490033  3.57249  5  1.42751 314.667 29
 3     358     0.0   0.0667681  0.0667681  0.9750  4.32746  0.490033  3.57249  5  1.42751 314.667 0
 3     386     0.0   0.0667681  0.0667681  0.9750  4.32746  0.490033  3.57249  5  1.42751 314.667 27
 3     386     0.0   0.0667681  0.0667681  0.9750  4.32746  0.490033  3.57249  5  1.42751 314.667 0
 3     389     0.0   0.0667681  0.0667681  0.9750  4.32746  0.490033  3.57249  5  1.42751 314.667 2
 3     389     0.0   0.0670397  0.0670397  0.9750  4.34053  0.469955  3.46664  5  1.53336 304.75 0
 3     393     0.0   0.0670397  0.0670397  0.9750  4.34053  0.469955  3.46664  5  1.53336 304.75 3
 3     393     0.0   0.0670397  0.0670397  0.9750  4.34053  0.469955  3.46664  5  1.53336 304.75 0
 4     454     0.0   0.0670397  0.0670397  0.9750  4.34053  0.469955  3.46664  5  1.53336 304.75 60
 4     454     0.0   0.0670397  0.0670397  0.9750  4.34053  0.469955  3.46664  5  1.53336 304.75 0
 5     530     0.0   0.0670397  0.0670397  0.9750  4.34053  0.469955  3.46664  5  1.53336 304.75 75
 5     530     0.0   0.0670397  0.0670397  0.9750  4.34053  0.469955  3.46664  5  1.53336 304.75 0
 5     539     0.0   0.0670397  0.0670397  0.9750  4.34053  0.469955  3.46664  5  1.53336 304.75 8
 5     539     0.0   0.0670397  0.0670397  0.9750  4.34053  0.469955  3.46664  5  1.53336 304.75 0
 5     549     0.0   0.0670397  0.0670397  0.9750  4.34053  0.469955  3.46664  5  1.53336 304.75 9
 5     549     0.0   0.0670397  0.0670397  0.9750  4.34053  0.469955  3.46664  5  1.53336 304.75 0
 7     713     0.0   0.0670397  0.0670397  0.9750  4.34053  0.469955  3.46664  5  1.53336 304.75 163
 7     713     0.0   0.0671613  0.0671613  0.9750  4.3499  0.478556  3.29205  5  1.70795 309.25 0
 7     744     0.0   0.0671613  0.0671613  0.9750  4.3499  0.478556  3.29205  5  1.70795 309.25 30
 7     744     0.0   0.0671613  0.0671613  0.9750  4.3499  0.478556  3.29205  5  1.70795 309.25 0
 7     760     0.0   0.0671613  0.0671613  0.9750  4.3499  0.478556  3.29205  5  1.70795 309.25 15
 7     760     0.0   0.0671741  0.0671741  0.9750  4.35024  0.475992  3.5308  5  1.4692 309 0
 7     790     0.0   0.0671741  0.0671741  0.9750  4.35024  0.475992  3.5308  5  1.4692 309 29
 7     790     0.0   0.0671741  0.0671741  0.9750  4.35024  0.475992  3.5308  5  1.4692 309 0
 8     814     0.0   0.0671741  0.0671741  0.9750  4.35024  0.475992  3.5308  5  1.4692 309 23
 8     814     0.0   0.0671741  0.0671741  0.9750  4.35024  0.475992  3.5308  5  1.4692 309 0
 8     825     0.0   0.0671741  0.0671741  0.9750  4.35024  0.475992  3.5308  5  1.4692 309 10
 8     825     0.0   0.0671741  0.0671741  0.9750  4.35024  0.475992  3.5308  5  1.4692 309 0
 9     939     0.0   0.0671741  0.0671741  0.9750  4.35024  0.475992  3.5308  5  1.4692 309 113
 9     939     0.0   0.0671741  0.0671741  0.9750  4.35024  0.475992  3.5308  5  1.4692 309 0
 9     954     0.1   0.0671741  0.0671741  0.9750  4.35024  0.475992  3.5308  5  1.4692 309 14
 9     954     0.1   0.0671741  0.0671741  0.9750  4.35024  0.475992  3.5308  5  1.4692 309 0
10    1054     0.1   0.0671741  0.0671741  0.9750  4.35024  0.475992  3.5308  5  1.4692 309 99
10    1054     0.1   0.0671741  0.0671741  0.9750  4.35024  0.475992  3.5308  5  1.4692 309 0
11    1100     0.1   0.0671741  0.0671741  0.9750  4.35024  0.475992  3.5308  5  1.4692 309 46
11    1188     0.1   0.0671741  0.0671741  0.9750  4.35024  0.475992  3.5308  5  1.4692 309 133
11    1188     0.1   0.0671741  0.0671741  0.9750  4.35024  0.475992  3.5308  5  1.4692 309 0
12    1298     0.1   0.0671741  0.0671741  0.9750  4.35024  0.475992  3.5308  5  1.4692 309 109
12    1298     0.1   0.0671741  0.0671741  0.9750  4.35024  0.475992  3.5308  5  1.4692 309 0
14    1446     0.1   0.0671741  0.0671741  0.9750  4.35024  0.475992  3.5308  5  1.4692 309 147
14    1446     0.1   0.0671741  0.0671741  0.9750  4.35024  0.475992  3.5308  5  1.4692 309 0
15    1576     0.1   0.0671741  0.0671741  0.9750  4.35024  0.475992  3.5308  5  1.4692 309 129
15    1576     0.1   0.0671741  0.0671741  0.9750  4.35024  0.475992  3.5308  5  1.4692 309 0
18    1838     0.1   0.0671741  0.0671741  0.9750  4.35024  0.475992  3.5308  5  1.4692 309 261
18    1838     0.1   0.0671741  0.0671741  0.9750  4.35024  0.475992  3.5308  5  1.4692 309 0
20    2079     0.1   0.0671741  0.0671741  0.9750  4.35024  0.475992  3.5308  5  1.4692 309 240
20    2079     0.1   0.0675842  0.0675842  1.0375  4.3723  0.452261  3.10216  5  1.89784 309.25 0
21    2174     0.1   0.0675842  0.0675842  1.0375  4.3723  0.452261  3.10216  5  1.89784 309.25 94
21    2174     0.1   0.0675842  0.0675842  1.0375  4.3723  0.452261  3.10216  5  1.89784 309.25 0
21    2178     0.1   0.0675842  0.0675842  1.0375  4.3723  0.452261  3.10216  5  1.89784 309.25 3
21    2178     0.1   0.0676909  0.0676909  0.9437  4.37445  0.4372  3.54511  5  1.45489 308.833 0
22    2200     0.1   0.0676909  0.0676909  0.9437  4.37445  0.4372  3.54511  5  1.45489 308.833 22
27    2707     0.1   0.0676909  0.0676909  0.9437  4.37445  0.4372  3.54511  5  1.45489 308.833 528
27    2707     0.1   0.0676909  0.0676909  0.9437  4.37445  0.4372  3.54511  5  1.45489 308.833 0
30    3038     0.1   0.0676909  0.0676909  0.9437  4.37445  0.4372  3.54511  5  1.45489 308.833 330
30    3038     0.1   0.0676909  0.0676909  0.9437  4.37445  0.4372  3.54511  5  1.45489 308.833 0
33    3300     0.1   0.0676909  0.0676909  0.9437  4.37445  0.4372  3.54511  5  1.45489 308.833 262
35    3554     0.1   0.0676909  0.0676909  0.9437  4.37445  0.4372  3.54511  5  1.45489 308.833 515
35    3554     0.1   0.0676909  0.0676909  0.9437  4.37445  0.4372  3.54511  5  1.45489 308.833 0
43    4355     0.2   0.0676909  0.0676909  0.9437  4.37445  0.4372  3.54511  5  1.45489 308.833 800
43    4355     0.2   0.0676909  0.0676909  0.9437  4.37445  0.4372  3.54511  5  1.45489 308.833 0
44    4400     0.2   0.0676909  0.0676909  0.9437  4.37445  0.4372  3.54511  5  1.45489 308.833 45
45    4576     0.2   0.0676909  0.0676909  0.9437  4.37445  0.4372  3.54511  5  1.45489 308.833 220
45    4576     0.2   0.0676909  0.0676909  0.9437  4.37445  0.4372  3.54511  5  1.45489 308.833 0
46    4605     0.2   0.0676909  0.0676909  0.9437  4.37445  0.4372  3.54511  5  1.45489 308.833 28
46    4605     0.2   0.0676909  0.0676909  0.9437  4.37445  0.4372  3.54511  5  1.45489 308.833 0
48    4899     0.2   0.0676909  0.0676909  0.9437  4.37445  0.4372  3.54511  5  1.45489 308.833 293
48    4899     0.2   0.0676909  0.0676909  0.9437  4.37445  0.4372  3.54511  5  1.45489 308.833 0
55    5500     0.2   0.0676909  0.0676909  0.9437  4.37445  0.4372  3.54511  5  1.45489 308.833 601
58    5803     0.2   0.0676909  0.0676909  0.9437  4.37445  0.4372  3.54511  5  1.45489 308.833 903
58    5803     0.2   0.0676909  0.0676909  0.9437  4.37445  0.4372  3.54511  5  1.45489 308.833 0
66    6600     0.3   0.0676909  0.0676909  0.9437  4.37445  0.4372  3.54511  5  1.45489 308.833 797
77    7700     0.3   0.0676909  0.0676909  0.9437  4.37445  0.4372  3.54511  5  1.45489 308.833 1897
82    8268     0.3   0.0676909  0.0676909  0.9437  4.37445  0.4372  3.54511  5  1.45489 308.833 2464
82    8268     0.3   0.0676909  0.0676909  0.9437  4.37445  0.4372  3.54511  5  1.45489 308.833 0
88    8800     0.3   0.0676909  0.0676909  0.9437  4.37445  0.4372  3.54511  5  1.45489 308.833 532
88    8857     0.3   0.0676909  0.0676909  0.9437  4.37445  0.4372  3.54511  5  1.45489 308.833 588
88    8857     0.3   0.0676909  0.0676909  0.9437  4.37445  0.4372  3.54511  5  1.45489 308.833 0
96    9601     0.4   0.0676909  0.0676909  0.9437  4.37445  0.4372  3.54511  5  1.45489 308.833 743
96    9601     0.4   0.0676909  0.0676909  0.9437  4.37445  0.4372  3.54511  5  1.45489 308.833 0
99    9900     0.4   0.0676909  0.0676909  0.9437  4.37445  0.4372  3.54511  5  1.45489 308.833 299
100   10000     0.4   0.0676909  0.0676909  0.9437  4.37445  0.4372  3.54511  5  1.45489 308.833 399
EndUpdateLog

Done
